c:\users\ik\source\repos\ppv4\ppv4\x64\release\vc143.pdb
c:\users\ik\source\repos\ppv4\ppv4\x64\release\matrice.obj
c:\users\ik\source\repos\ppv4\ppv4\x64\release\main.obj
c:\users\ik\source\repos\ppv4\ppv4\x64\release\determinant.obj
c:\users\ik\source\repos\ppv4\x64\release\ppv4.exe
c:\users\ik\source\repos\ppv4\x64\release\ppv4.pdb
c:\users\ik\source\repos\ppv4\ppv4\x64\release\ppv4.res
c:\users\ik\source\repos\ppv4\ppv4\x64\release\ppv4.ipdb
c:\users\ik\source\repos\ppv4\ppv4\x64\release\ppv4.iobj
c:\users\ik\source\repos\ppv4\ppv4\x64\release\ppv4.tlog\cl.command.1.tlog
c:\users\ik\source\repos\ppv4\ppv4\x64\release\ppv4.tlog\cl.items.tlog
c:\users\ik\source\repos\ppv4\ppv4\x64\release\ppv4.tlog\cl.read.1.tlog
c:\users\ik\source\repos\ppv4\ppv4\x64\release\ppv4.tlog\cl.write.1.tlog
c:\users\ik\source\repos\ppv4\ppv4\x64\release\ppv4.tlog\link.command.1.tlog
c:\users\ik\source\repos\ppv4\ppv4\x64\release\ppv4.tlog\link.read.1.tlog
c:\users\ik\source\repos\ppv4\ppv4\x64\release\ppv4.tlog\link.secondary.1.tlog
c:\users\ik\source\repos\ppv4\ppv4\x64\release\ppv4.tlog\link.write.1.tlog
c:\users\ik\source\repos\ppv4\ppv4\x64\release\ppv4.tlog\rc.command.1.tlog
c:\users\ik\source\repos\ppv4\ppv4\x64\release\ppv4.tlog\rc.read.1.tlog
c:\users\ik\source\repos\ppv4\ppv4\x64\release\ppv4.tlog\rc.write.1.tlog
